c:\___d\codes\c++\gametable\gametable\gametable\x64\debug\vc141.pdb
c:\___d\codes\c++\gametable\gametable\gametable\x64\debug\qgtable.obj
c:\___d\codes\c++\gametable\gametable\gametable\x64\debug\object.obj
c:\___d\codes\c++\gametable\gametable\gametable\x64\debug\qrc_gametable.obj
c:\___d\codes\c++\gametable\gametable\gametable\x64\debug\main.obj
c:\___d\codes\c++\gametable\gametable\gametable\x64\debug\moc_gametable.obj
c:\___d\codes\c++\gametable\gametable\gametable\x64\debug\gametable.obj
c:\___d\codes\c++\gametable\gametable\gametable\generatedfiles\debug\moc_gametable.cpp
c:\___d\codes\c++\gametable\gametable\gametable\generatedfiles\qrc_gametable.cpp
c:\___d\codes\c++\gametable\gametable\x64\debug\gametable.exe
c:\___d\codes\c++\gametable\gametable\x64\debug\gametable.ilk
c:\___d\codes\c++\gametable\gametable\x64\debug\gametable.pdb
c:\users\bojack\documents\files\codes\c++\gametable\gametable\gametable\x64\debug\gametable.obj
c:\users\bojack\documents\files\codes\c++\gametable\gametable\gametable\x64\debug\main.obj
c:\users\bojack\documents\files\codes\c++\gametable\gametable\gametable\x64\debug\moc_gametable.obj
c:\users\bojack\documents\files\codes\c++\gametable\gametable\gametable\x64\debug\object.obj
c:\users\bojack\documents\files\codes\c++\gametable\gametable\gametable\x64\debug\qgtable.obj
c:\users\bojack\documents\files\codes\c++\gametable\gametable\gametable\x64\debug\qrc_gametable.obj
c:\users\bojack\documents\files\codes\c++\gametable\gametable\gametable\x64\debug\vc141.pdb
c:\users\bojack\documents\files\codes\c++\gametable\gametable\x64\debug\gametable.pdb
c:\users\bojack\documents\files\codes\c++\gametable\gametable\x64\debug\gametable.exe
c:\users\bojack\documents\files\codes\c++\gametable\gametable\x64\debug\gametable.ilk
c:\users\bojack\documents\files\codes\c++\gametable\gametable\gametable\x64\debug\gametable.tlog\cl.command.1.tlog
c:\users\bojack\documents\files\codes\c++\gametable\gametable\gametable\x64\debug\gametable.tlog\cl.read.1.tlog
c:\users\bojack\documents\files\codes\c++\gametable\gametable\gametable\x64\debug\gametable.tlog\cl.write.1.tlog
c:\users\bojack\documents\files\codes\c++\gametable\gametable\gametable\x64\debug\gametable.tlog\gametable.write.1u.tlog
c:\users\bojack\documents\files\codes\c++\gametable\gametable\gametable\x64\debug\gametable.tlog\link.command.1.tlog
c:\users\bojack\documents\files\codes\c++\gametable\gametable\gametable\x64\debug\gametable.tlog\link.read.1.tlog
c:\users\bojack\documents\files\codes\c++\gametable\gametable\gametable\x64\debug\gametable.tlog\link.write.1.tlog
